2024-07-15 15:46:48 INFO  **********User Creation-Start**********
2024-07-15 15:46:49 INFO  **********User Creation-End**********
2024-07-15 15:46:49 INFO  **********User Retrive-Start**********
2024-07-15 15:46:49 INFO  **********User Retrive-End**********
2024-07-15 15:46:49 INFO  **********User Modification-Start**********
2024-07-15 15:46:49 INFO  **********User Modification-End**********
2024-07-15 15:46:49 INFO  **********User Deletion-Start**********
2024-07-15 15:46:49 INFO  **********User Deletion-End**********
2024-07-15 15:49:31 INFO  **********User Creation-Start**********
2024-07-15 15:49:33 INFO  **********User Creation-End**********
2024-07-15 15:49:33 INFO  **********User Retrive-Start**********
2024-07-15 15:49:33 INFO  **********User Retrive-End**********
2024-07-15 15:49:33 INFO  **********User Modification-Start**********
2024-07-15 15:49:33 INFO  **********User Modification-End**********
2024-07-15 15:49:33 INFO  **********User Deletion-Start**********
2024-07-15 15:49:33 INFO  **********User Deletion-End**********
2024-07-15 16:16:50 INFO  **********User Creation-Start**********
2024-07-15 16:16:52 INFO  **********User Creation-End**********
2024-07-15 16:16:52 INFO  **********User Retrive-Start**********
2024-07-15 16:16:52 INFO  **********User Retrive-End**********
2024-07-15 16:16:52 INFO  **********User Modification-Start**********
2024-07-15 16:16:52 INFO  **********User Modification-End**********
2024-07-15 16:16:52 INFO  **********User Deletion-Start**********
2024-07-15 16:16:52 INFO  **********User Deletion-End**********
2024-07-15 16:38:35 INFO  **********User Creation-Start**********
2024-07-15 16:38:37 INFO  **********User Creation-End**********
2024-07-15 16:38:37 INFO  **********User Retrive-Start**********
2024-07-15 16:38:37 INFO  **********User Retrive-End**********
2024-07-15 16:38:37 INFO  **********User Modification-Start**********
2024-07-15 16:38:37 INFO  **********User Modification-End**********
2024-07-15 16:38:37 INFO  **********User Deletion-Start**********
2024-07-15 16:38:37 INFO  **********User Deletion-End**********
2024-07-15 17:03:15 INFO  **********User Creation-Start**********
2024-07-15 17:03:16 INFO  **********User Creation-End**********
2024-07-15 17:03:16 INFO  **********User Retrive-Start**********
2024-07-15 17:03:16 INFO  **********User Retrive-End**********
2024-07-15 17:03:16 INFO  **********User Modification-Start**********
2024-07-15 17:03:16 INFO  **********User Modification-End**********
2024-07-15 17:03:16 INFO  **********User Deletion-Start**********
2024-07-15 17:03:16 INFO  **********User Deletion-End**********
